[0mPOST /api/registerUser [32m200[0m 104.415 ms - 17[0m
[0mPOST /api/registerUser [32m200[0m 22.221 ms - 69[0m
[0mPOST /api/registerUser [32m200[0m 125.994 ms - 22[0m
[0mPOST /api/topup [32m200[0m 20.804 ms - 21[0m
[0mPOST /api/topup [32m200[0m 105.097 ms - 14[0m
[0mPOST /api/subscribeAPI [33m404[0m 2.565 ms - 156[0m
[0mPOST /api/subscribeAPI [32m200[0m 23.811 ms - 17[0m
[0mPOST /api/topup [32m200[0m 122.260 ms - 14[0m
[0mPOST /api/subscribeAPI [32m200[0m 94.512 ms - 18[0m
[0mPOST /api/subscribeAPI [32m200[0m 1.490 ms - 15[0m
[0mPOST /api/addLaporan [33m404[0m 0.849 ms - 154[0m
[0mPOST /api/addLaporan [32m200[0m 1.954 ms - 17[0m
[0mPOST /api/addLaporan [32m200[0m 0.633 ms - 17[0m
[0mPOST /api/addLaporan [32m200[0m 67.781 ms - 44[0m
[0mPOST /api/addLaporan [32m200[0m 107.392 ms - 28[0m
[0mPOST /api/addLaporan [32m200[0m 134.268 ms - 28[0m
[0mGET /api/getKelurahan [32m200[0m 2.639 ms - 17[0m
[0mGET /api/getKelurahan?apiKey=2674577431 [32m200[0m 26.285 ms - 5873[0m
[0mGET /api/getKelurahan?apiKey=2674577431&zip_code=1&kecamatan=Wonokromo [32m200[0m 3.192 ms - 2846[0m
[0mGET /api/getKelurahan?apiKey=2674577431&zip_code=1&nama_kecamatan=Wonokromo [32m200[0m 2.563 ms - 175[0m
[0mGET /api/searchLaporan [32m200[0m 2.839 ms - 17[0m
[0mGET /api/searchLaporan?apiKey=2674577431 [32m200[0m 25.338 ms - 2005[0m
[0mGET /api/searchLaporan?apiKey=2674577431&jenis_laporan=F [32m200[0m 4.970 ms - 748[0m
[0mGET /api/searchLaporan?apiKey=2674577431&jenis_laporan=F&jenis_barang=Jam [32m200[0m 2.930 ms - 388[0m
[0mGET /api/searchLaporan?apiKey=2674577431&jenis_laporan=F&jenis_barang=Jam&zip_code=3 [32m200[0m 2.989 ms - 39[0m
[0mGET /api/searchLaporan?apiKey=2674577431&jenis_laporan=F&jenis_barang=Jam&zip_code= [32m200[0m 3.167 ms - 388[0m
[0mGET /api/searchLaporan?apiKey=2674577431&jenis_laporan=F&jenis_barang=Jam&zip_code=60 [32m200[0m 1.501 ms - 388[0m
[0mPOST /api/registerUser [32m200[0m 1.113 ms - 69[0m
[0mPOST /api/registerUser [32m200[0m 126.630 ms - 22[0m
[0mPOST /api/topup [32m200[0m 127.970 ms - 14[0m
[0mPOST /api/topup [32m200[0m 0.733 ms - 21[0m
[0mPOST /api/subscribeApi [32m200[0m 110.735 ms - 18[0m
[0mPOST /api/subscribeApi [32m200[0m 1.503 ms - 15[0m
[0mPOST /api/addLaporan [32m200[0m 3.789 ms - 17[0m
[0mPOST /api/addLaporan?apiKey=6021582340 [32m200[0m 126.211 ms - 28[0m
[0mPOST /api/getKelurahan?apiKey=6021582340 [33m404[0m 1.361 ms - 156[0m
[0mGET /api/getKelurahan?apiKey=6021582340 [32m200[0m 3.284 ms - 5873[0m
[0mGET /api/searchLaporan?apiKey=6021582340 [32m200[0m 2.181 ms - 2252[0m
[0mGET /api/searchLaporan?apiKey=4290027571 [32m200[0m 1.356 ms - 41[0m
